<?xml version="1.0" encoding="UTF-8"?>
<!-- Generated by org.testng.reporters.JUnitXMLReporter -->
<testsuite ignored="2" hostname="CHA-PLP41183" failures="0" tests="1" name="Default test" time="3.218" errors="0" timestamp="14 Oct 2020 17:23:23 GMT">
  <testcase classname="TestCases.UserTests" name="CreateUser" time="3.192"/>
  <testcase classname="TestCases.UserTests" name="GetUsers" time="0.0">
    <ignored/>
  </testcase> <!-- GetUsers -->
  <testcase classname="TestCases.UserTests" name="GetSingleUser" time="0.0">
    <ignored/>
  </testcase> <!-- GetSingleUser -->
</testsuite> <!-- Default test -->
