<?xml version="1.0" encoding="UTF-8"?>
<!-- Generated by org.testng.reporters.JUnitXMLReporter -->
<testsuite ignored="0" hostname="CHA-PLP41183" failures="0" tests="6" name="Test" time="6.439" errors="0" timestamp="14 Oct 2020 17:28:30 GMT">
  <testcase classname="TestCases.LoginTests" name="LoginTest" time="3.256"/>
  <testcase classname="TestCases.RegisterTests" name="RegisterTest" time="0.856"/>
  <testcase classname="TestCases.UserTests" name="CreateUser" time="0.642"/>
  <testcase classname="TestCases.UserTests" name="GetSingleUser" time="0.345"/>
  <testcase classname="TestCases.UserTests" name="GetUserNotAvailable" time="0.928"/>
  <testcase classname="TestCases.UserTests" name="GetUsers" time="0.376"/>
</testsuite> <!-- Test -->
