<?xml version="1.0" encoding="UTF-8"?>
<testng-results ignored="0" total="6" passed="6" failed="0" skipped="0">
  <reporter-output>
  </reporter-output>
  <suite started-at="2020-10-14T17:28:23Z" name="Suite" finished-at="2020-10-14T17:28:30Z" duration-ms="6439">
    <groups>
    </groups>
    <test started-at="2020-10-14T17:28:23Z" name="Test" finished-at="2020-10-14T17:28:30Z" duration-ms="6439">
      <class name="TestCases.LoginTests">
        <test-method signature="LoginTest()[pri:0, instance:TestCases.LoginTests@5be49b60]" started-at="2020-10-14T17:28:23Z" name="LoginTest" finished-at="2020-10-14T17:28:27Z" duration-ms="3256" status="PASS">
          <reporter-output>
          </reporter-output>
        </test-method> <!-- LoginTest -->
      </class> <!-- TestCases.LoginTests -->
      <class name="TestCases.UserTests">
        <test-method signature="CreateUser()[pri:0, instance:TestCases.UserTests@7674b62c]" started-at="2020-10-14T17:28:28Z" name="CreateUser" finished-at="2020-10-14T17:28:28Z" duration-ms="642" status="PASS">
          <reporter-output>
          </reporter-output>
        </test-method> <!-- CreateUser -->
        <test-method signature="GetSingleUser()[pri:0, instance:TestCases.UserTests@7674b62c]" started-at="2020-10-14T17:28:28Z" name="GetSingleUser" finished-at="2020-10-14T17:28:29Z" duration-ms="345" status="PASS">
          <reporter-output>
          </reporter-output>
        </test-method> <!-- GetSingleUser -->
        <test-method signature="GetUserNotAvailable()[pri:0, instance:TestCases.UserTests@7674b62c]" started-at="2020-10-14T17:28:29Z" name="GetUserNotAvailable" finished-at="2020-10-14T17:28:29Z" duration-ms="928" status="PASS">
          <reporter-output>
          </reporter-output>
        </test-method> <!-- GetUserNotAvailable -->
        <test-method signature="GetUsers()[pri:0, instance:TestCases.UserTests@7674b62c]" started-at="2020-10-14T17:28:29Z" name="GetUsers" finished-at="2020-10-14T17:28:30Z" duration-ms="376" status="PASS">
          <reporter-output>
          </reporter-output>
        </test-method> <!-- GetUsers -->
      </class> <!-- TestCases.UserTests -->
      <class name="TestCases.RegisterTests">
        <test-method signature="RegisterTest()[pri:0, instance:TestCases.RegisterTests@2931522b]" started-at="2020-10-14T17:28:27Z" name="RegisterTest" finished-at="2020-10-14T17:28:28Z" duration-ms="856" status="PASS">
          <reporter-output>
          </reporter-output>
        </test-method> <!-- RegisterTest -->
      </class> <!-- TestCases.RegisterTests -->
    </test> <!-- Test -->
  </suite> <!-- Suite -->
</testng-results>
